Arguments: 
  /usr/local/Cellar/node/10.9.0/bin/node /usr/local/Cellar/yarn/1.9.4/libexec/bin/yarn.js

PATH: 
  /usr/local/bin:/usr/local/sbin:/usr/bin:/bin:/usr/sbin:/sbin:/usr/local/go/bin

Yarn version: 
  1.9.4

Node version: 
  10.9.0

Platform: 
  darwin x64

Trace: 
  Error: EACCES: permission denied, mkdir '/Users/eric/dev/git/imba-org/vscode-imba/node_modules/abbrev'

npm manifest: 
  {
  	"name": "imba",
  	"displayName": "vscode-imba",
  	"description": "Language support for Imba",
  	"version": "0.4.0",
  	"publisher": "scrimba",
  	"main": "./client/index.js",
  	"icon": "assets/imba.png",
  	"license": "MIT",
  	"author": "Sindre Aarsaether",
  	"engines": {
  		"vscode": "^1.5.0"
  	},
  	"categories": [
  		"Languages"
  	],
  	"activationEvents": [
  		"onLanguage:imba"
  	],
  	"contributes": {
  		"configuration": {
  			"type": "object",
  			"title": "Example configuration",
  			"properties": {
  				"imba.maxNumberOfProblems": {
  					"type": "number",
  					"default": 100,
  					"description": "Controls the maximum number of problems produced by the server."
  				}
  			}
  		},
  		"languages": [
  			{
  				"id": "imba",
  				"aliases": [
  					"Imba",
  					"imba"
  				],
  				"extensions": [
  					".imba"
  				],
  				"configuration": "./language-configuration.json",
  				"firstLine": "^#!/.*\\bimba[0-9.-]*\\b"
  			}
  		],
  		"grammars": [
  			{
  				"language": "imba",
  				"scopeName": "source.imba",
  				"path": "./syntaxes/imba.tmLanguage.json"
  			}
  		],
  		"themes": [
  			{
  				"label": "Imba Dark",
  				"uiTheme": "vs-dark",
  				"path": "./themes/ImbaDark.json"
  			}
  		]
  	},
  	"dependencies": {
  		"imba": "1.4.0",
  		"vsce": "^1.61.0",
  		"vscode-languageserver": "^2.6.2"
  	},
  	"__metadata": {
  		"id": "c0926dfb-bf29-4689-849e-63ca645e2c1c",
  		"publisherDisplayName": "Scrimba",
  		"publisherId": "d9260c1d-7c6a-483e-ae32-9e6d2314dff0"
  	}
  }

yarn manifest: 
  No manifest

Lockfile: 
  # THIS IS AN AUTOGENERATED FILE. DO NOT EDIT THIS FILE DIRECTLY.
  # yarn lockfile v1
  
  
  imba@1.4.0:
    version "1.4.0"
    resolved "https://registry.yarnpkg.com/imba/-/imba-1.4.0.tgz#10db820b992ddb489acc23c157bfeffc2449f134"
    integrity sha512-aIXF16PX7rOIHsOAJbf/kU0UP2KuHtb5A+IpRXfanJWo2A77U1lyfNkrUmCVfcflIL7KuZrXqkSQVHydDhTKVg==
  
  vscode-jsonrpc@^2.4.0:
    version "2.4.0"
    resolved "https://registry.yarnpkg.com/vscode-jsonrpc/-/vscode-jsonrpc-2.4.0.tgz#51396030e13179555c939b791c29598058b8fbb4"
  
  vscode-languageserver-types@^1.0.4:
    version "1.0.4"
    resolved "https://registry.yarnpkg.com/vscode-languageserver-types/-/vscode-languageserver-types-1.0.4.tgz#439a52f040c89cf6599d88ed9a1b5a9abdca11b7"
  
  vscode-languageserver@^2.6.2:
    version "2.6.2"
    resolved "https://registry.yarnpkg.com/vscode-languageserver/-/vscode-languageserver-2.6.2.tgz#c06d817a55c7c9e97bd0535424fc0d5754d61ea9"
    dependencies:
      vscode-jsonrpc "^2.4.0"
      vscode-languageserver-types "^1.0.4"
